=== Synthwave MIDI Generator - Log ===

Output file : midnight_chase.mid
Root key    : C#
Scale       : C# natural minor
Vibe        : Dramatic and intense
Bars        : 8
Total notes : 32
Rhythm      : [1.5, 0.5, 0.5, 1.5]
Pitch classes used: C#, E, F#, G#, A, B

--- Notes per bar ---
  Bar 1: C#5 E5 G#5 B5
  Bar 2: A4 C#5 E5 G#5
  Bar 3: F#4 A4 C#5 F#5
  Bar 4: G#4 B4 E5 G#5
  Bar 5: C#5 G#5 E5 B4
  Bar 6: A4 E5 C#5 G#4
  Bar 7: F#4 C#5 A4 F#4
  Bar 8: G#4 E5 B4 G#4

--- MIDI values ---
  Bar 1: [73, 76, 80, 83]
  Bar 2: [69, 73, 76, 80]
  Bar 3: [66, 69, 73, 78]
  Bar 4: [68, 71, 76, 80]
  Bar 5: [73, 80, 76, 71]
  Bar 6: [69, 76, 73, 68]
  Bar 7: [66, 73, 69, 66]
  Bar 8: [68, 76, 71, 68]
