=== Synthwave MIDI Generator - Log ===

Output file : neon_drive.mid
Root key    : A
Scale       : A natural minor
Vibe        : Dramatic and intense
Bars        : 8
Total notes : 32
Rhythm      : [1.5, 0.5, 0.5, 1.5]
Pitch classes used: C, D, E, F, G, G#, A, B

--- Notes per bar ---
  Bar 1: A4 C5 E5 A5
  Bar 2: G4 B4 D5 G5
  Bar 3: F4 A4 C5 F5
  Bar 4: E4 G#4 B4 E5
  Bar 5: A4 E5 C5 A4
  Bar 6: G4 D5 B4 G4
  Bar 7: F4 C5 A4 F4
  Bar 8: E4 B4 G#4 E4

--- MIDI values ---
  Bar 1: [69, 72, 76, 81]
  Bar 2: [67, 71, 74, 79]
  Bar 3: [65, 69, 72, 77]
  Bar 4: [64, 68, 71, 76]
  Bar 5: [69, 76, 72, 69]
  Bar 6: [67, 74, 71, 67]
  Bar 7: [65, 72, 69, 65]
  Bar 8: [64, 71, 68, 64]
